<?xml version="1.0" encoding="UTF-8"?>
<testng-results skipped="0" failed="0" ignored="0" total="6" passed="6">
  <reporter-output>
  </reporter-output>
  <suite name="Default suite" duration-ms="17938" started-at="2022-06-15T15:13:55Z" finished-at="2022-06-15T15:14:13Z">
    <groups>
    </groups>
    <test name="Default test" duration-ms="17938" started-at="2022-06-15T15:13:55Z" finished-at="2022-06-15T15:14:13Z">
      <class name="com.test.OMRBranchClub">
        <test-method status="PASS" signature="login()[pri:1, instance:com.test.OMRBranchClub@e25b2fe]" name="login" duration-ms="6889" started-at="2022-06-15T15:13:55Z" finished-at="2022-06-15T15:14:02Z">
          <reporter-output>
          </reporter-output>
        </test-method> <!-- login -->
        <test-method status="PASS" signature="CreateAddress()[pri:2, instance:com.test.OMRBranchClub@e25b2fe]" name="CreateAddress" duration-ms="2370" started-at="2022-06-15T15:14:02Z" finished-at="2022-06-15T15:14:04Z">
          <reporter-output>
          </reporter-output>
        </test-method> <!-- CreateAddress -->
        <test-method status="PASS" signature="UpdateAddress()[pri:3, instance:com.test.OMRBranchClub@e25b2fe]" name="UpdateAddress" duration-ms="1838" started-at="2022-06-15T15:14:04Z" finished-at="2022-06-15T15:14:06Z">
          <reporter-output>
          </reporter-output>
        </test-method> <!-- UpdateAddress -->
        <test-method status="PASS" signature="getAddress()[pri:4, instance:com.test.OMRBranchClub@e25b2fe]" name="getAddress" duration-ms="2041" started-at="2022-06-15T15:14:06Z" finished-at="2022-06-15T15:14:08Z">
          <reporter-output>
          </reporter-output>
        </test-method> <!-- getAddress -->
        <test-method status="PASS" signature="DeleteAddress()[pri:5, instance:com.test.OMRBranchClub@e25b2fe]" name="DeleteAddress" duration-ms="1891" started-at="2022-06-15T15:14:08Z" finished-at="2022-06-15T15:14:10Z">
          <reporter-output>
          </reporter-output>
        </test-method> <!-- DeleteAddress -->
        <test-method status="PASS" signature="profilepicupdate()[pri:6, instance:com.test.OMRBranchClub@e25b2fe]" name="profilepicupdate" duration-ms="2838" started-at="2022-06-15T15:14:10Z" finished-at="2022-06-15T15:14:13Z">
          <reporter-output>
          </reporter-output>
        </test-method> <!-- profilepicupdate -->
      </class> <!-- com.test.OMRBranchClub -->
    </test> <!-- Default test -->
  </suite> <!-- Default suite -->
</testng-results>
